<?xml version="1.0" encoding="UTF-8"?>
<testsuite name="AccountAnalyticsTest" tests="17" skipped="0" failures="0" errors="0" timestamp="2019-12-02T17:16:47" hostname="LaVieEstBelle" time="0.097">
  <properties/>
  <testcase name="testGroupAccountsByEmailDomain" classname="AccountAnalyticsTest" time="0.022"/>
  <testcase name="testSortByFirstAndLastNames" classname="AccountAnalyticsTest" time="0.004"/>
  <testcase name="testGetBalanceByEmail" classname="AccountAnalyticsTest" time="0.004"/>
  <testcase name="testContainsAccountWithEmailDomain" classname="AccountAnalyticsTest" time="0.003"/>
  <testcase name="testCollectAccountsById" classname="AccountAnalyticsTest" time="0.004"/>
  <testcase name="testFindAccountsByBirthdayMonth" classname="AccountAnalyticsTest" time="0.003"/>
  <testcase name="testGroupTotalBalanceByCreationMonth" classname="AccountAnalyticsTest" time="0.008"/>
  <testcase name="testGroupCommaSeparatedFirstNamesByBirthdayMonth" classname="AccountAnalyticsTest" time="0.003"/>
  <testcase name="testFindRichestPerson" classname="AccountAnalyticsTest" time="0.002"/>
  <testcase name="testCalculateTotalBalance" classname="AccountAnalyticsTest" time="0.002"/>
  <testcase name="testGetCharacterFrequencyIgnoreCaseInFirstAndLastNames" classname="AccountAnalyticsTest" time="0.01"/>
  <testcase name="testSeparateMaleAccounts" classname="AccountAnalyticsTest" time="0.012"/>
  <testcase name="testGetNumOfLettersInFirstAndLastNames" classname="AccountAnalyticsTest" time="0.002"/>
  <testcase name="testGetBalanceByEmailThrowsException" classname="AccountAnalyticsTest" time="0.0"/>
  <testcase name="testGroupFirstNamesByLastNames" classname="AccountAnalyticsTest" time="0.004"/>
  <testcase name="testGetCharacterFrequencyInFirstNames" classname="AccountAnalyticsTest" time="0.004"/>
  <testcase name="testCollectBalancesByIdForAccountsCreatedOn" classname="AccountAnalyticsTest" time="0.002"/>
  <system-out><![CDATA[]]></system-out>
  <system-err><![CDATA[]]></system-err>
</testsuite>
